<?xml version="1.0" encoding="UTF-8"?>
<!-- Generated by org.testng.reporters.JUnitReportReporter -->
<testsuite hostname="DESKTOP-4JEANDV" failures="0" tests="1" name="bankcal.ma.HomePage" time="5.502" errors="0" timestamp="2022-01-04T18:13:26 EET" skipped="0">
  <testcase classname="bankcal.ma.HomePage" name="basePageNavigation" time="5.502"/>
  <system-out/>
</testsuite> <!-- bankcal.ma.HomePage -->
